2021-08-04 00:24:11,586 ERROR [org.keycloak.services] (default task-25) KC-SERVICES0092: Missing parameter: nonce
2021-08-04 00:24:11,589 WARN  [org.keycloak.events] (default task-25) type=LOGIN_ERROR, realmId=dispatch, clientId=frontend, userId=null, ipAddress=127.0.0.1, error=invalid_request, response_type=token, redirect_uri=http://localhost:4200, response_mode=fragment
2021-08-04 00:24:35,626 ERROR [org.keycloak.services] (default task-25) KC-SERVICES0092: Missing parameter: nonce
2021-08-04 00:24:35,628 WARN  [org.keycloak.events] (default task-25) type=LOGIN_ERROR, realmId=dispatch, clientId=frontend, userId=null, ipAddress=127.0.0.1, error=invalid_request, response_type=token, redirect_uri=http://localhost:4200, response_mode=fragment
2021-08-04 00:25:22,425 ERROR [org.keycloak.services] (default task-25) KC-SERVICES0092: Missing parameter: nonce
2021-08-04 00:25:22,427 WARN  [org.keycloak.events] (default task-25) type=LOGIN_ERROR, realmId=dispatch, clientId=frontend, userId=null, ipAddress=127.0.0.1, error=invalid_request, response_type=token, redirect_uri=http://localhost:4200, response_mode=fragment
2021-08-04 00:28:05,508 ERROR [org.keycloak.services] (default task-25) KC-SERVICES0092: Missing parameter: nonce
2021-08-04 00:28:05,509 WARN  [org.keycloak.events] (default task-25) type=LOGIN_ERROR, realmId=dispatch, clientId=frontend, userId=null, ipAddress=127.0.0.1, error=invalid_request, response_type=token, redirect_uri=http://localhost:4200, response_mode=fragment
2021-08-04 00:50:13,621 WARN  [org.keycloak.connections.httpclient.DefaultHttpClientFactory] (default task-38) TruststoreProvider is disabled
2021-08-04 01:10:03,090 WARN  [org.keycloak.events] (default task-40) type=USER_INFO_REQUEST_ERROR, realmId=dispatch, clientId=null, userId=null, ipAddress=127.0.0.1, error=invalid_token, auth_method=validate_access_token
2021-08-04 01:17:47,387 WARN  [org.keycloak.events] (default task-40) type=USER_INFO_REQUEST_ERROR, realmId=node-ms, clientId=frontend, userId=null, ipAddress=127.0.0.1, error=session_expired, auth_method=validate_access_token
2021-08-04 01:18:44,227 WARN  [org.keycloak.events] (default task-40) type=USER_INFO_REQUEST_ERROR, realmId=node-ms, clientId=frontend, userId=null, ipAddress=127.0.0.1, error=session_expired, auth_method=validate_access_token
2021-08-04 01:19:32,236 WARN  [org.keycloak.events] (default task-40) type=USER_INFO_REQUEST_ERROR, realmId=node-ms, clientId=frontend, userId=null, ipAddress=127.0.0.1, error=session_expired, auth_method=validate_access_token
2021-08-04 01:33:48,435 INFO  [org.jboss.as.server] (Thread-1) WFLYSRV0272: Suspending server
2021-08-04 01:33:48,444 INFO  [org.jboss.as.ejb3] (Thread-1) WFLYEJB0493: Jakarta Enterprise Beans subsystem suspension complete
2021-08-04 01:33:48,450 INFO  [org.jboss.as.server] (Thread-1) WFLYSRV0220: Server shutdown has been requested via an OS signal
2021-08-04 01:33:48,483 INFO  [org.jboss.as.connector.subsystems.datasources] (MSC service thread 1-3) WFLYJCA0010: Unbound data source [java:jboss/datasources/KeycloakDS]
2021-08-04 01:33:48,484 INFO  [org.jboss.as.mail.extension] (MSC service thread 1-6) WFLYMAIL0002: Unbound mail session [java:jboss/mail/Default]
2021-08-04 01:33:48,486 INFO  [org.wildfly.extension.undertow] (MSC service thread 1-4) WFLYUT0008: Undertow HTTPS listener https suspending
2021-08-04 01:33:48,486 INFO  [org.wildfly.extension.undertow] (ServerService Thread Pool -- 57) WFLYUT0022: Unregistered web context: '/auth' from server 'default-server'
2021-08-04 01:33:48,487 INFO  [org.wildfly.extension.undertow] (MSC service thread 1-4) WFLYUT0007: Undertow HTTPS listener https stopped, was bound to 127.0.0.1:8443
2021-08-04 01:33:48,492 INFO  [org.keycloak.subsystem.server.extension.KeycloakProviderDeploymentProcessor] (MSC service thread 1-3) Undeploying Keycloak provider: keycloak-ip-authenticator.jar
2021-08-04 01:33:48,505 INFO  [org.jboss.as.server.deployment] (MSC service thread 1-5) WFLYSRV0028: Stopped deployment keycloak-ip-authenticator.jar (runtime-name: keycloak-ip-authenticator.jar) in 50ms
2021-08-04 01:33:48,508 INFO  [org.jboss.as.connector.subsystems.datasources] (MSC service thread 1-4) WFLYJCA0010: Unbound data source [java:jboss/datasources/ExampleDS]
2021-08-04 01:33:48,509 INFO  [org.jboss.as.connector.deployers.jdbc] (MSC service thread 1-7) WFLYJCA0019: Stopped Driver service with driver-name = h2
2021-08-04 01:33:48,516 INFO  [org.wildfly.extension.undertow] (MSC service thread 1-2) WFLYUT0008: Undertow HTTP listener default suspending
2021-08-04 01:33:48,517 INFO  [org.wildfly.extension.undertow] (MSC service thread 1-2) WFLYUT0007: Undertow HTTP listener default stopped, was bound to 127.0.0.1:8080
2021-08-04 01:33:48,523 INFO  [org.wildfly.extension.undertow] (MSC service thread 1-3) WFLYUT0019: Host default-host stopping
2021-08-04 01:33:48,524 INFO  [org.wildfly.extension.undertow] (MSC service thread 1-3) WFLYUT0004: Undertow 2.2.5.Final stopping
2021-08-04 01:33:48,527 INFO  [org.jboss.as.clustering.infinispan] (ServerService Thread Pool -- 69) WFLYCLINF0003: Stopped loginFailures cache from keycloak container
2021-08-04 01:33:48,529 INFO  [org.jboss.as.clustering.infinispan] (ServerService Thread Pool -- 70) WFLYCLINF0003: Stopped actionTokens cache from keycloak container
2021-08-04 01:33:48,541 INFO  [org.jboss.as.clustering.infinispan] (ServerService Thread Pool -- 69) WFLYCLINF0003: Stopped work cache from keycloak container
2021-08-04 01:33:48,542 INFO  [org.jboss.as.clustering.infinispan] (ServerService Thread Pool -- 78) WFLYCLINF0003: Stopped authenticationSessions cache from keycloak container
2021-08-04 01:33:48,544 INFO  [org.jboss.as.clustering.infinispan] (ServerService Thread Pool -- 71) WFLYCLINF0003: Stopped realms cache from keycloak container
2021-08-04 01:33:48,546 INFO  [org.jboss.as.server.deployment] (MSC service thread 1-3) WFLYSRV0028: Stopped deployment keycloak-server.war (runtime-name: keycloak-server.war) in 86ms
2021-08-04 01:33:48,552 INFO  [org.jboss.as.clustering.infinispan] (ServerService Thread Pool -- 76) WFLYCLINF0003: Stopped offlineSessions cache from keycloak container
2021-08-04 01:33:48,553 INFO  [org.jboss.as.clustering.infinispan] (ServerService Thread Pool -- 75) WFLYCLINF0003: Stopped keys cache from keycloak container
2021-08-04 01:33:48,558 INFO  [org.jboss.as.clustering.infinispan] (ServerService Thread Pool -- 74) WFLYCLINF0003: Stopped offlineClientSessions cache from keycloak container
2021-08-04 01:33:48,559 INFO  [org.jboss.as.clustering.infinispan] (ServerService Thread Pool -- 73) WFLYCLINF0003: Stopped users cache from keycloak container
2021-08-04 01:33:48,558 INFO  [org.jboss.as.clustering.infinispan] (ServerService Thread Pool -- 77) WFLYCLINF0003: Stopped clientSessions cache from keycloak container
2021-08-04 01:33:48,559 INFO  [org.jboss.as.clustering.infinispan] (ServerService Thread Pool -- 80) WFLYCLINF0003: Stopped authorization cache from keycloak container
2021-08-04 01:33:48,559 INFO  [org.jboss.as.clustering.infinispan] (ServerService Thread Pool -- 72) WFLYCLINF0003: Stopped sessions cache from keycloak container
2021-08-04 01:33:48,560 INFO  [org.infinispan.manager.DefaultCacheManager] (ServerService Thread Pool -- 77) Stopping cache manager null on null
2021-08-04 01:33:48,599 INFO  [org.jboss.as.clustering.infinispan] (ServerService Thread Pool -- 57) WFLYCLINF0003: Stopped http-remoting-connector cache from ejb container
2021-08-04 01:33:48,600 INFO  [org.infinispan.manager.DefaultCacheManager] (ServerService Thread Pool -- 57) Stopping cache manager null on null
2021-08-04 01:33:48,604 INFO  [org.jboss.as] (MSC service thread 1-3) WFLYSRV0050: Keycloak 14.0.0 (WildFly Core 15.0.1.Final) stopped in 143ms
2021-08-04 10:26:39,378 INFO  [org.jboss.modules] (main) JBoss Modules version 1.11.0.Final
2021-08-04 10:26:39,907 INFO  [org.jboss.msc] (main) JBoss MSC version 1.4.12.Final
2021-08-04 10:26:39,916 INFO  [org.jboss.threads] (main) JBoss Threads version 2.4.0.Final
2021-08-04 10:26:40,018 INFO  [org.jboss.as] (MSC service thread 1-2) WFLYSRV0049: Keycloak 14.0.0 (WildFly Core 15.0.1.Final) starting
2021-08-04 10:26:40,020 DEBUG [org.jboss.as.config] (MSC service thread 1-2) Configured system properties:
	[Standalone] = 
	awt.toolkit = sun.awt.X11.XToolkit
	file.encoding = UTF-8
	file.separator = /
	java.awt.graphicsenv = sun.awt.X11GraphicsEnvironment
	java.awt.headless = true
	java.awt.printerjob = sun.print.PSPrinterJob
	java.class.path = /home/admin-pc/taazaa/POC/keycloak/keycloak-14.0.0/jboss-modules.jar
	java.class.version = 55.0
	java.home = /usr/lib/jvm/jdk-11.0.11
	java.io.tmpdir = /tmp
	java.library.path = /usr/java/packages/lib:/usr/lib64:/lib64:/lib:/usr/lib
	java.net.preferIPv4Stack = true
	java.runtime.name = Java(TM) SE Runtime Environment
	java.runtime.version = 11.0.11+9-LTS-194
	java.specification.name = Java Platform API Specification
	java.specification.vendor = Oracle Corporation
	java.specification.version = 11
	java.util.logging.manager = org.jboss.logmanager.LogManager
	java.vendor = Oracle Corporation
	java.vendor.url = https://openjdk.java.net/
	java.vendor.url.bug = https://bugreport.java.com/bugreport/
	java.vendor.version = 18.9
	java.version = 11.0.11
	java.version.date = 2021-04-20
	java.vm.compressedOopsMode = 32-bit
	java.vm.info = mixed mode
	java.vm.name = Java HotSpot(TM) 64-Bit Server VM
	java.vm.specification.name = Java Virtual Machine Specification
	java.vm.specification.vendor = Oracle Corporation
	java.vm.specification.version = 11
	java.vm.vendor = Oracle Corporation
	java.vm.version = 11.0.11+9-LTS-194
	javax.management.builder.initial = org.jboss.as.jmx.PluggableMBeanServerBuilder
	jboss.home.dir = /home/admin-pc/taazaa/POC/keycloak/keycloak-14.0.0
	jboss.host.name = adminpc-lenovo-thinkbook-14-iml
	jboss.modules.dir = /home/admin-pc/taazaa/POC/keycloak/keycloak-14.0.0/modules
	jboss.modules.system.pkgs = org.jboss.byteman
	jboss.node.name = adminpc-lenovo-thinkbook-14-iml
	jboss.qualified.host.name = adminpc-lenovo-thinkbook-14-iml
	jboss.server.base.dir = /home/admin-pc/taazaa/POC/keycloak/keycloak-14.0.0/standalone
	jboss.server.config.dir = /home/admin-pc/taazaa/POC/keycloak/keycloak-14.0.0/standalone/configuration
	jboss.server.data.dir = /home/admin-pc/taazaa/POC/keycloak/keycloak-14.0.0/standalone/data
	jboss.server.deploy.dir = /home/admin-pc/taazaa/POC/keycloak/keycloak-14.0.0/standalone/data/content
	jboss.server.log.dir = /home/admin-pc/taazaa/POC/keycloak/keycloak-14.0.0/standalone/log
	jboss.server.name = adminpc-lenovo-thinkbook-14-iml
	jboss.server.persist.config = true
	jboss.server.temp.dir = /home/admin-pc/taazaa/POC/keycloak/keycloak-14.0.0/standalone/tmp
	jdk.debug = release
	line.separator = 

	logging.configuration = file:/home/admin-pc/taazaa/POC/keycloak/keycloak-14.0.0/standalone/configuration/logging.properties
	module.path = /home/admin-pc/taazaa/POC/keycloak/keycloak-14.0.0/modules
	org.jboss.boot.log.file = /home/admin-pc/taazaa/POC/keycloak/keycloak-14.0.0/standalone/log/server.log
	org.jboss.resolver.warning = true
	os.arch = amd64
	os.name = Linux
	os.version = 5.4.0-80-generic
	path.separator = :
	sun.arch.data.model = 64
	sun.boot.library.path = /usr/lib/jvm/jdk-11.0.11/lib
	sun.cpu.endian = little
	sun.cpu.isalist = 
	sun.desktop = gnome
	sun.io.unicode.encoding = UnicodeLittle
	sun.java.command = /home/admin-pc/taazaa/POC/keycloak/keycloak-14.0.0/jboss-modules.jar -mp /home/admin-pc/taazaa/POC/keycloak/keycloak-14.0.0/modules org.jboss.as.standalone -Djboss.home.dir=/home/admin-pc/taazaa/POC/keycloak/keycloak-14.0.0 -Djboss.server.base.dir=/home/admin-pc/taazaa/POC/keycloak/keycloak-14.0.0/standalone
	sun.java.launcher = SUN_STANDARD
	sun.jnu.encoding = UTF-8
	sun.management.compiler = HotSpot 64-Bit Tiered Compilers
	sun.os.patch.level = unknown
	user.country = US
	user.dir = /home/admin-pc/taazaa/POC/keycloak/keycloak-14.0.0/bin
	user.home = /home/admin-pc
	user.language = en
	user.name = admin-pc
	user.timezone = Asia/Kolkata
2021-08-04 10:26:40,022 DEBUG [org.jboss.as.config] (MSC service thread 1-2) VM Arguments: -D[Standalone] -Xms64m -Xmx512m -XX:MetaspaceSize=96M -XX:MaxMetaspaceSize=256m -Djava.net.preferIPv4Stack=true -Djboss.modules.system.pkgs=org.jboss.byteman -Djava.awt.headless=true --add-exports=java.base/sun.nio.ch=ALL-UNNAMED --add-exports=jdk.unsupported/sun.misc=ALL-UNNAMED --add-exports=jdk.unsupported/sun.reflect=ALL-UNNAMED -Dorg.jboss.boot.log.file=/home/admin-pc/taazaa/POC/keycloak/keycloak-14.0.0/standalone/log/server.log -Dlogging.configuration=file:/home/admin-pc/taazaa/POC/keycloak/keycloak-14.0.0/standalone/configuration/logging.properties 
2021-08-04 10:26:40,730 INFO  [org.wildfly.security] (ServerService Thread Pool -- 19) ELY00001: WildFly Elytron version 1.15.3.Final
2021-08-04 10:26:41,108 INFO  [org.jboss.as.controller.management-deprecated] (ServerService Thread Pool -- 9) WFLYCTL0033: Extension 'security' is deprecated and may not be supported in future versions
2021-08-04 10:26:41,361 INFO  [org.jboss.as.controller.management-deprecated] (Controller Boot Thread) WFLYCTL0028: Attribute 'security-realm' in the resource at address '/core-service=management/management-interface=http-interface' is deprecated, and may be removed in a future version. See the attribute description in the output of the read-resource-description operation to learn more about the deprecation.
2021-08-04 10:26:41,400 INFO  [org.jboss.as.controller.management-deprecated] (ServerService Thread Pool -- 13) WFLYCTL0028: Attribute 'security-realm' in the resource at address '/subsystem=undertow/server=default-server/https-listener=https' is deprecated, and may be removed in a future version. See the attribute description in the output of the read-resource-description operation to learn more about the deprecation.
2021-08-04 10:26:41,508 INFO  [org.jboss.as.server] (Controller Boot Thread) WFLYSRV0039: Creating http management service using socket-binding (management-http)
2021-08-04 10:26:41,527 INFO  [org.xnio] (MSC service thread 1-6) XNIO version 3.8.4.Final
2021-08-04 10:26:41,545 INFO  [org.xnio.nio] (MSC service thread 1-6) XNIO NIO Implementation Version 3.8.4.Final
2021-08-04 10:26:41,593 INFO  [org.jboss.as.clustering.infinispan] (ServerService Thread Pool -- 37) WFLYCLINF0001: Activating Infinispan subsystem.
2021-08-04 10:26:41,603 INFO  [org.wildfly.extension.health] (ServerService Thread Pool -- 36) WFLYHEALTH0001: Activating Base Health Subsystem
2021-08-04 10:26:41,624 INFO  [org.jboss.remoting] (MSC service thread 1-8) JBoss Remoting version 5.0.20.Final
2021-08-04 10:26:41,621 INFO  [org.jboss.as.connector.subsystems.datasources] (ServerService Thread Pool -- 31) WFLYJCA0004: Deploying JDBC-compliant driver class org.h2.Driver (version 1.4)
2021-08-04 10:26:41,611 INFO  [org.wildfly.extension.io] (ServerService Thread Pool -- 38) WFLYIO001: Worker 'default' has auto-configured to 16 IO threads with 128 max task threads based on your 8 available processors
2021-08-04 10:26:41,632 INFO  [org.jboss.as.jaxrs] (ServerService Thread Pool -- 39) WFLYRS0016: RESTEasy version 3.15.1.Final
2021-08-04 10:26:41,659 INFO  [org.wildfly.extension.metrics] (ServerService Thread Pool -- 45) WFLYMETRICS0001: Activating Base Metrics Subsystem
2021-08-04 10:26:41,661 INFO  [org.jboss.as.security] (ServerService Thread Pool -- 49) WFLYSEC0002: Activating Security Subsystem
2021-08-04 10:26:41,686 INFO  [org.jboss.as.naming] (ServerService Thread Pool -- 46) WFLYNAM0001: Activating Naming Subsystem
2021-08-04 10:26:41,741 INFO  [org.wildfly.extension.undertow] (MSC service thread 1-6) WFLYUT0003: Undertow 2.2.5.Final starting
2021-08-04 10:26:41,656 INFO  [org.jboss.as.connector.deployers.jdbc] (MSC service thread 1-1) WFLYJCA0018: Started Driver service with driver-name = h2
2021-08-04 10:26:41,654 INFO  [org.jboss.as.connector] (MSC service thread 1-5) WFLYJCA0009: Starting Jakarta Connectors Subsystem (WildFly/IronJacamar 1.4.27.Final)
2021-08-04 10:26:41,675 WARN  [org.jboss.as.txn] (ServerService Thread Pool -- 51) WFLYTX0013: The node-identifier attribute on the /subsystem=transactions is set to the default value. This is a danger for environments running multiple servers. Please make sure the attribute value is unique.
2021-08-04 10:26:41,717 INFO  [org.jboss.as.security] (MSC service thread 1-7) WFLYSEC0001: Current PicketBox version=5.0.3.Final-redhat-00007
2021-08-04 10:26:41,771 INFO  [org.jboss.as.naming] (MSC service thread 1-2) WFLYNAM0003: Starting Naming Service
2021-08-04 10:26:41,808 INFO  [org.jboss.as.mail.extension] (MSC service thread 1-1) WFLYMAIL0001: Bound mail session [java:jboss/mail/Default]
2021-08-04 10:26:41,848 WARN  [org.wildfly.clustering.web.undertow] (ServerService Thread Pool -- 52) WFLYCLWEBUT0007: No routing provider found for default-server; using legacy provider based on static configuration
2021-08-04 10:26:41,880 WARN  [org.wildfly.extension.elytron] (MSC service thread 1-1) WFLYELY00023: KeyStore file '/home/admin-pc/taazaa/POC/keycloak/keycloak-14.0.0/standalone/configuration/application.keystore' does not exist. Used blank.
2021-08-04 10:26:41,895 WARN  [org.wildfly.extension.elytron] (MSC service thread 1-3) WFLYELY01084: KeyStore /home/admin-pc/taazaa/POC/keycloak/keycloak-14.0.0/standalone/configuration/application.keystore not found, it will be auto generated on first use with a self-signed certificate for host localhost
2021-08-04 10:26:41,909 INFO  [org.jboss.as.ejb3] (MSC service thread 1-5) WFLYEJB0482: Strict pool mdb-strict-max-pool is using a max instance size of 32 (per class), which is derived from the number of CPUs on this host.
2021-08-04 10:26:41,908 INFO  [org.jboss.as.ejb3] (MSC service thread 1-8) WFLYEJB0481: Strict pool slsb-strict-max-pool is using a max instance size of 128 (per class), which is derived from thread worker pool sizing.
2021-08-04 10:26:41,944 INFO  [org.wildfly.extension.undertow] (MSC service thread 1-4) WFLYUT0012: Started server default-server.
2021-08-04 10:26:41,947 INFO  [org.wildfly.extension.undertow] (ServerService Thread Pool -- 52) WFLYUT0014: Creating file handler for path '/home/admin-pc/taazaa/POC/keycloak/keycloak-14.0.0/welcome-content' with options [directory-listing: 'false', follow-symlink: 'false', case-sensitive: 'true', safe-symlink-paths: '[]']
2021-08-04 10:26:41,954 INFO  [org.wildfly.extension.undertow] (MSC service thread 1-3) Queuing requests.
2021-08-04 10:26:41,956 INFO  [org.wildfly.extension.undertow] (MSC service thread 1-3) WFLYUT0018: Host default-host starting
2021-08-04 10:26:42,058 INFO  [org.wildfly.extension.undertow] (MSC service thread 1-5) WFLYUT0006: Undertow HTTP listener default listening on 127.0.0.1:8080
2021-08-04 10:26:42,153 INFO  [org.jboss.as.ejb3] (MSC service thread 1-2) WFLYEJB0493: Jakarta Enterprise Beans subsystem suspension complete
2021-08-04 10:26:42,199 INFO  [org.jboss.as.connector.subsystems.datasources] (MSC service thread 1-5) WFLYJCA0001: Bound data source [java:jboss/datasources/KeycloakDS]
2021-08-04 10:26:42,199 INFO  [org.jboss.as.connector.subsystems.datasources] (MSC service thread 1-4) WFLYJCA0001: Bound data source [java:jboss/datasources/ExampleDS]
2021-08-04 10:26:42,316 INFO  [org.jboss.as.patching] (MSC service thread 1-4) WFLYPAT0050: Keycloak cumulative patch ID is: base, one-off patches include: none
2021-08-04 10:26:42,326 WARN  [org.jboss.as.domain.management.security] (MSC service thread 1-8) WFLYDM0111: Keystore /home/admin-pc/taazaa/POC/keycloak/keycloak-14.0.0/standalone/configuration/application.keystore not found, it will be auto generated on first use with a self signed certificate for host localhost
2021-08-04 10:26:42,334 INFO  [org.jboss.as.server.deployment.scanner] (MSC service thread 1-8) WFLYDS0013: Started FileSystemDeploymentService for directory /home/admin-pc/taazaa/POC/keycloak/keycloak-14.0.0/standalone/deployments
2021-08-04 10:26:42,353 INFO  [org.jboss.as.server.deployment] (MSC service thread 1-1) WFLYSRV0027: Starting deployment of "keycloak-server.war" (runtime-name: "keycloak-server.war")
2021-08-04 10:26:42,353 INFO  [org.jboss.as.server.deployment] (MSC service thread 1-7) WFLYSRV0027: Starting deployment of "keycloak-ip-authenticator.jar" (runtime-name: "keycloak-ip-authenticator.jar")
2021-08-04 10:26:42,381 INFO  [org.wildfly.extension.undertow] (MSC service thread 1-5) WFLYUT0006: Undertow HTTPS listener https listening on 127.0.0.1:8443
2021-08-04 10:26:42,620 INFO  [org.keycloak.subsystem.server.extension.KeycloakProviderDeploymentProcessor] (MSC service thread 1-1) Deploying Keycloak provider: keycloak-ip-authenticator.jar
2021-08-04 10:26:43,181 INFO  [org.infinispan.CONTAINER] (ServerService Thread Pool -- 54) ISPN000128: Infinispan version: Infinispan 'Corona Extra' 11.0.9.Final
2021-08-04 10:26:43,229 INFO  [org.infinispan.CONFIG] (MSC service thread 1-5) ISPN000152: Passivation configured without an eviction policy being selected. Only manually evicted entities will be passivated.
2021-08-04 10:26:43,230 INFO  [org.infinispan.CONFIG] (MSC service thread 1-5) ISPN000152: Passivation configured without an eviction policy being selected. Only manually evicted entities will be passivated.
2021-08-04 10:26:43,314 INFO  [org.infinispan.PERSISTENCE] (ServerService Thread Pool -- 54) ISPN000556: Starting user marshaller 'org.wildfly.clustering.infinispan.spi.marshalling.InfinispanProtoStreamMarshaller'
2021-08-04 10:26:43,314 INFO  [org.infinispan.PERSISTENCE] (ServerService Thread Pool -- 55) ISPN000556: Starting user marshaller 'org.wildfly.clustering.infinispan.marshalling.jboss.JBossMarshaller'
2021-08-04 10:26:43,524 INFO  [org.jboss.as.clustering.infinispan] (ServerService Thread Pool -- 54) WFLYCLINF0002: Started http-remoting-connector cache from ejb container
2021-08-04 10:26:43,548 INFO  [org.jboss.as.clustering.infinispan] (ServerService Thread Pool -- 54) WFLYCLINF0002: Started loginFailures cache from keycloak container
2021-08-04 10:26:43,548 INFO  [org.jboss.as.clustering.infinispan] (ServerService Thread Pool -- 59) WFLYCLINF0002: Started actionTokens cache from keycloak container
2021-08-04 10:26:43,548 INFO  [org.jboss.as.clustering.infinispan] (ServerService Thread Pool -- 55) WFLYCLINF0002: Started clientSessions cache from keycloak container
2021-08-04 10:26:43,550 INFO  [org.jboss.as.clustering.infinispan] (ServerService Thread Pool -- 61) WFLYCLINF0002: Started offlineSessions cache from keycloak container
2021-08-04 10:26:43,563 INFO  [org.jboss.as.clustering.infinispan] (ServerService Thread Pool -- 58) WFLYCLINF0002: Started sessions cache from keycloak container
2021-08-04 10:26:43,552 INFO  [org.jboss.as.clustering.infinispan] (ServerService Thread Pool -- 65) WFLYCLINF0002: Started authenticationSessions cache from keycloak container
2021-08-04 10:26:43,568 INFO  [org.jboss.as.clustering.infinispan] (ServerService Thread Pool -- 57) WFLYCLINF0002: Started offlineClientSessions cache from keycloak container
2021-08-04 10:26:43,569 INFO  [org.jboss.as.clustering.infinispan] (ServerService Thread Pool -- 64) WFLYCLINF0002: Started work cache from keycloak container
2021-08-04 10:26:43,593 INFO  [org.jboss.as.clustering.infinispan] (ServerService Thread Pool -- 63) WFLYCLINF0002: Started users cache from keycloak container
2021-08-04 10:26:43,594 INFO  [org.jboss.as.clustering.infinispan] (ServerService Thread Pool -- 56) WFLYCLINF0002: Started keys cache from keycloak container
2021-08-04 10:26:43,596 INFO  [org.jboss.as.clustering.infinispan] (ServerService Thread Pool -- 66) WFLYCLINF0002: Started realms cache from keycloak container
2021-08-04 10:26:43,599 INFO  [org.jboss.as.clustering.infinispan] (ServerService Thread Pool -- 62) WFLYCLINF0002: Started authorization cache from keycloak container
2021-08-04 10:26:43,706 WARN  [org.jboss.as.server.deployment] (MSC service thread 1-5) WFLYSRV0273: Excluded subsystem webservices via jboss-deployment-structure.xml does not exist.
2021-08-04 10:26:44,323 INFO  [org.keycloak.services] (ServerService Thread Pool -- 60) KC-SERVICES0001: Loading config from standalone.xml or domain.xml
2021-08-04 10:26:44,711 INFO  [org.keycloak.url.DefaultHostnameProviderFactory] (ServerService Thread Pool -- 60) Frontend: <request>, Admin: <frontend>, Backend: <request>
2021-08-04 10:26:44,883 WARN  [org.keycloak.services] (ServerService Thread Pool -- 60) KC-SERVICES0047: ipauthenticator (com.github.lukaszbudnik.keycloak.ipauthenticator.IPAuthenticatorFactory) is implementing the internal SPI authenticator. This SPI is internal and may change without notice
2021-08-04 10:26:44,912 INFO  [org.jboss.as.clustering.infinispan] (ServerService Thread Pool -- 60) WFLYCLINF0002: Started realmRevisions cache from keycloak container
2021-08-04 10:26:44,920 INFO  [org.jboss.as.clustering.infinispan] (ServerService Thread Pool -- 60) WFLYCLINF0002: Started userRevisions cache from keycloak container
2021-08-04 10:26:44,929 INFO  [org.jboss.as.clustering.infinispan] (ServerService Thread Pool -- 60) WFLYCLINF0002: Started authorizationRevisions cache from keycloak container
2021-08-04 10:26:44,930 INFO  [org.keycloak.connections.infinispan.DefaultInfinispanConnectionProviderFactory] (ServerService Thread Pool -- 60) Node name: adminpc-lenovo-thinkbook-14-iml, Site name: null
2021-08-04 10:26:46,365 INFO  [org.keycloak.connections.jpa.DefaultJpaConnectionProviderFactory] (ServerService Thread Pool -- 60) Database info: {databaseUrl=jdbc:h2:/home/admin-pc/taazaa/POC/keycloak/keycloak-14.0.0/standalone/data/keycloak, databaseUser=SA, databaseProduct=H2 1.4.197 (2018-03-18), databaseDriver=H2 JDBC Driver 1.4.197 (2018-03-18)}
2021-08-04 10:26:47,430 INFO  [org.hibernate.jpa.internal.util.LogHelper] (ServerService Thread Pool -- 60) HHH000204: Processing PersistenceUnitInfo [
	name: keycloak-default
	...]
2021-08-04 10:26:47,503 INFO  [org.hibernate.Version] (ServerService Thread Pool -- 60) HHH000412: Hibernate Core {5.3.20.Final}
2021-08-04 10:26:47,504 INFO  [org.hibernate.cfg.Environment] (ServerService Thread Pool -- 60) HHH000206: hibernate.properties not found
2021-08-04 10:26:47,630 INFO  [org.hibernate.annotations.common.Version] (ServerService Thread Pool -- 60) HCANN000001: Hibernate Commons Annotations {5.0.5.Final}
2021-08-04 10:26:47,835 INFO  [org.hibernate.dialect.Dialect] (ServerService Thread Pool -- 60) HHH000400: Using dialect: org.hibernate.dialect.H2Dialect
2021-08-04 10:26:47,893 INFO  [org.hibernate.envers.boot.internal.EnversServiceImpl] (ServerService Thread Pool -- 60) Envers integration enabled? : true
2021-08-04 10:26:48,319 INFO  [org.hibernate.orm.beans] (ServerService Thread Pool -- 60) HHH10005002: No explicit CDI BeanManager reference was passed to Hibernate, but CDI is available on the Hibernate ClassLoader.
2021-08-04 10:26:48,378 INFO  [org.hibernate.validator.internal.util.Version] (ServerService Thread Pool -- 60) HV000001: Hibernate Validator 6.0.22.Final
2021-08-04 10:26:49,354 INFO  [org.hibernate.hql.internal.QueryTranslatorFactoryInitiator] (ServerService Thread Pool -- 60) HHH000397: Using ASTQueryTranslatorFactory
2021-08-04 10:26:50,034 INFO  [org.jboss.resteasy.resteasy_jaxrs.i18n] (ServerService Thread Pool -- 60) RESTEASY002225: Deploying javax.ws.rs.core.Application: class org.keycloak.services.resources.KeycloakApplication
2021-08-04 10:26:50,036 INFO  [org.jboss.resteasy.resteasy_jaxrs.i18n] (ServerService Thread Pool -- 60) RESTEASY002200: Adding class resource org.keycloak.services.resources.ThemeResource from Application class org.keycloak.services.resources.KeycloakApplication
2021-08-04 10:26:50,037 INFO  [org.jboss.resteasy.resteasy_jaxrs.i18n] (ServerService Thread Pool -- 60) RESTEASY002200: Adding class resource org.keycloak.services.resources.JsResource from Application class org.keycloak.services.resources.KeycloakApplication
2021-08-04 10:26:50,038 INFO  [org.jboss.resteasy.resteasy_jaxrs.i18n] (ServerService Thread Pool -- 60) RESTEASY002205: Adding provider class org.keycloak.services.filters.KeycloakSecurityHeadersFilter from Application class org.keycloak.services.resources.KeycloakApplication
2021-08-04 10:26:50,038 INFO  [org.jboss.resteasy.resteasy_jaxrs.i18n] (ServerService Thread Pool -- 60) RESTEASY002205: Adding provider class org.keycloak.services.error.KeycloakErrorHandler from Application class org.keycloak.services.resources.KeycloakApplication
2021-08-04 10:26:50,039 INFO  [org.jboss.resteasy.resteasy_jaxrs.i18n] (ServerService Thread Pool -- 60) RESTEASY002220: Adding singleton resource org.keycloak.services.resources.WelcomeResource from Application class org.keycloak.services.resources.KeycloakApplication
2021-08-04 10:26:50,039 INFO  [org.jboss.resteasy.resteasy_jaxrs.i18n] (ServerService Thread Pool -- 60) RESTEASY002220: Adding singleton resource org.keycloak.services.resources.RealmsResource from Application class org.keycloak.services.resources.KeycloakApplication
2021-08-04 10:26:50,039 INFO  [org.jboss.resteasy.resteasy_jaxrs.i18n] (ServerService Thread Pool -- 60) RESTEASY002220: Adding singleton resource org.keycloak.services.resources.RobotsResource from Application class org.keycloak.services.resources.KeycloakApplication
2021-08-04 10:26:50,039 INFO  [org.jboss.resteasy.resteasy_jaxrs.i18n] (ServerService Thread Pool -- 60) RESTEASY002210: Adding provider singleton org.keycloak.services.util.ObjectMapperResolver from Application class org.keycloak.services.resources.KeycloakApplication
2021-08-04 10:26:50,039 INFO  [org.jboss.resteasy.resteasy_jaxrs.i18n] (ServerService Thread Pool -- 60) RESTEASY002220: Adding singleton resource org.keycloak.services.resources.admin.AdminRoot from Application class org.keycloak.services.resources.KeycloakApplication
2021-08-04 10:26:50,114 INFO  [org.wildfly.extension.undertow] (ServerService Thread Pool -- 60) WFLYUT0021: Registered web context: '/auth' for server 'default-server'
2021-08-04 10:26:50,186 INFO  [org.jboss.as.server] (ServerService Thread Pool -- 32) WFLYSRV0010: Deployed "keycloak-ip-authenticator.jar" (runtime-name : "keycloak-ip-authenticator.jar")
2021-08-04 10:26:50,191 INFO  [org.jboss.as.server] (ServerService Thread Pool -- 43) WFLYSRV0010: Deployed "keycloak-server.war" (runtime-name : "keycloak-server.war")
2021-08-04 10:26:50,259 INFO  [org.jboss.as.server] (Controller Boot Thread) WFLYSRV0212: Resuming server
2021-08-04 10:26:50,261 INFO  [org.jboss.as] (Controller Boot Thread) WFLYSRV0025: Keycloak 14.0.0 (WildFly Core 15.0.1.Final) started in 11458ms - Started 637 of 916 services (587 services are lazy, passive or on-demand)
2021-08-04 10:26:50,262 INFO  [org.jboss.as] (Controller Boot Thread) WFLYSRV0060: Http management interface listening on http://127.0.0.1:9990/management
2021-08-04 10:26:50,263 INFO  [org.jboss.as] (Controller Boot Thread) WFLYSRV0051: Admin console listening on http://127.0.0.1:9990
2021-08-04 16:50:39,038 INFO  [org.jboss.as.server] (Thread-1) WFLYSRV0272: Suspending server
2021-08-04 16:50:39,041 INFO  [org.jboss.as.ejb3] (Thread-1) WFLYEJB0493: Jakarta Enterprise Beans subsystem suspension complete
2021-08-04 16:50:39,043 INFO  [org.jboss.as.server] (Thread-1) WFLYSRV0220: Server shutdown has been requested via an OS signal
2021-08-04 16:50:39,059 INFO  [org.jboss.as.connector.subsystems.datasources] (MSC service thread 1-2) WFLYJCA0010: Unbound data source [java:jboss/datasources/KeycloakDS]
2021-08-04 16:50:39,061 INFO  [org.jboss.as.mail.extension] (MSC service thread 1-7) WFLYMAIL0002: Unbound mail session [java:jboss/mail/Default]
2021-08-04 16:50:39,062 INFO  [org.wildfly.extension.undertow] (MSC service thread 1-5) WFLYUT0008: Undertow HTTPS listener https suspending
2021-08-04 16:50:39,063 INFO  [org.wildfly.extension.undertow] (ServerService Thread Pool -- 60) WFLYUT0022: Unregistered web context: '/auth' from server 'default-server'
2021-08-04 16:50:39,068 INFO  [org.wildfly.extension.undertow] (MSC service thread 1-5) WFLYUT0007: Undertow HTTPS listener https stopped, was bound to 127.0.0.1:8443
2021-08-04 16:50:39,072 INFO  [org.keycloak.subsystem.server.extension.KeycloakProviderDeploymentProcessor] (MSC service thread 1-1) Undeploying Keycloak provider: keycloak-ip-authenticator.jar
2021-08-04 16:50:39,081 INFO  [org.jboss.as.connector.subsystems.datasources] (MSC service thread 1-6) WFLYJCA0010: Unbound data source [java:jboss/datasources/ExampleDS]
2021-08-04 16:50:39,083 INFO  [org.jboss.as.connector.deployers.jdbc] (MSC service thread 1-6) WFLYJCA0019: Stopped Driver service with driver-name = h2
2021-08-04 16:50:39,091 INFO  [org.wildfly.extension.undertow] (MSC service thread 1-6) WFLYUT0008: Undertow HTTP listener default suspending
2021-08-04 16:50:39,091 INFO  [org.wildfly.extension.undertow] (MSC service thread 1-6) WFLYUT0007: Undertow HTTP listener default stopped, was bound to 127.0.0.1:8080
2021-08-04 16:50:39,092 INFO  [org.jboss.as.server.deployment] (MSC service thread 1-7) WFLYSRV0028: Stopped deployment keycloak-ip-authenticator.jar (runtime-name: keycloak-ip-authenticator.jar) in 46ms
2021-08-04 16:50:39,098 INFO  [org.wildfly.extension.undertow] (MSC service thread 1-5) WFLYUT0019: Host default-host stopping
2021-08-04 16:50:39,099 INFO  [org.wildfly.extension.undertow] (MSC service thread 1-6) WFLYUT0004: Undertow 2.2.5.Final stopping
2021-08-04 16:50:39,104 INFO  [org.jboss.as.clustering.infinispan] (ServerService Thread Pool -- 71) WFLYCLINF0003: Stopped sessions cache from keycloak container
2021-08-04 16:50:39,111 INFO  [org.jboss.as.server.deployment] (MSC service thread 1-8) WFLYSRV0028: Stopped deployment keycloak-server.war (runtime-name: keycloak-server.war) in 65ms
2021-08-04 16:50:39,118 INFO  [org.jboss.as.clustering.infinispan] (ServerService Thread Pool -- 78) WFLYCLINF0003: Stopped authenticationSessions cache from keycloak container
2021-08-04 16:50:39,119 INFO  [org.jboss.as.clustering.infinispan] (ServerService Thread Pool -- 74) WFLYCLINF0003: Stopped clientSessions cache from keycloak container
2021-08-04 16:50:39,119 INFO  [org.jboss.as.clustering.infinispan] (ServerService Thread Pool -- 73) WFLYCLINF0003: Stopped offlineClientSessions cache from keycloak container
2021-08-04 16:50:39,119 INFO  [org.jboss.as.clustering.infinispan] (ServerService Thread Pool -- 72) WFLYCLINF0003: Stopped actionTokens cache from keycloak container
2021-08-04 16:50:39,120 INFO  [org.jboss.as.clustering.infinispan] (ServerService Thread Pool -- 77) WFLYCLINF0003: Stopped offlineSessions cache from keycloak container
2021-08-04 16:50:39,120 INFO  [org.jboss.as.clustering.infinispan] (ServerService Thread Pool -- 69) WFLYCLINF0003: Stopped keys cache from keycloak container
2021-08-04 16:50:39,122 INFO  [org.jboss.as.clustering.infinispan] (ServerService Thread Pool -- 79) WFLYCLINF0003: Stopped loginFailures cache from keycloak container
2021-08-04 16:50:39,122 INFO  [org.jboss.as.clustering.infinispan] (ServerService Thread Pool -- 76) WFLYCLINF0003: Stopped work cache from keycloak container
2021-08-04 16:50:39,125 INFO  [org.jboss.as.clustering.infinispan] (ServerService Thread Pool -- 60) WFLYCLINF0003: Stopped authorization cache from keycloak container
2021-08-04 16:50:39,125 INFO  [org.jboss.as.clustering.infinispan] (ServerService Thread Pool -- 75) WFLYCLINF0003: Stopped users cache from keycloak container
2021-08-04 16:50:39,127 INFO  [org.jboss.as.clustering.infinispan] (ServerService Thread Pool -- 80) WFLYCLINF0003: Stopped realms cache from keycloak container
2021-08-04 16:50:39,128 INFO  [org.infinispan.manager.DefaultCacheManager] (ServerService Thread Pool -- 80) Stopping cache manager null on null
2021-08-04 16:50:39,166 INFO  [org.jboss.as.clustering.infinispan] (ServerService Thread Pool -- 70) WFLYCLINF0003: Stopped http-remoting-connector cache from ejb container
2021-08-04 16:50:39,167 INFO  [org.infinispan.manager.DefaultCacheManager] (ServerService Thread Pool -- 70) Stopping cache manager null on null
2021-08-04 16:50:39,173 INFO  [org.jboss.as] (MSC service thread 1-2) WFLYSRV0050: Keycloak 14.0.0 (WildFly Core 15.0.1.Final) stopped in 126ms
